# JRE version: OpenJDK Runtime Environment (17.0.10) (build 17.0.10+0--11609105)
# Java VM: OpenJDK 64-Bit Server VM (17.0.10+0--11609105, mixed mode, tiered, compressed oops, compressed class ptrs, g1 gc, windows-amd64)
GC Precious Log:
 CPUs: 16 total, 16 available
 Memory: 16088M
 Large Page Support: Disabled
 NUMA Support: Disabled
 Compressed Oops: Enabled (32-bit)
 Heap Region Size: 1M
 Heap Min Capacity: 8M
 Heap Initial Capacity: 252M
 Heap Max Capacity: 2G
 Pre-touch: Disabled
 Parallel Workers: 13
 Concurrent Workers: 3
 Concurrent Refinement Workers: 13
 Periodic GC: Disabled
Heap:
 garbage-first heap   total 396288K, used 123171K [0x0000000080000000, 0x0000000100000000)
  region size 1024K, 8 young (8192K), 8 survivors (8192K)
 Metaspace       used 155136K, committed 156928K, reserved 1245184K
  class space    used 20698K, committed 21568K, reserved 1048576K
GC Heap History (20 events):
Event: 4815.689 GC heap after
{Heap after GC invocations=71 (full 0):
 garbage-first heap   total 368640K, used 104347K [0x0000000080000000, 0x0000000100000000)
  region size 1024K, 2 young (2048K), 2 survivors (2048K)
 Metaspace       used 151860K, committed 153280K, reserved 1245184K
  class space    used 20394K, committed 21120K, reserved 1048576K
}
Event: 4940.051 GC heap before
{Heap before GC invocations=71 (full 0):
 garbage-first heap   total 368640K, used 272283K [0x0000000080000000, 0x0000000100000000)
  region size 1024K, 167 young (171008K), 2 survivors (2048K)
 Metaspace       used 152121K, committed 153536K, reserved 1245184K
  class space    used 20397K, committed 21120K, reserved 1048576K
}
Event: 4940.057 GC heap after
{Heap after GC invocations=72 (full 0):
 garbage-first heap   total 368640K, used 113111K [0x0000000080000000, 0x0000000100000000)
  region size 1024K, 10 young (10240K), 10 survivors (10240K)
 Metaspace       used 152121K, committed 153536K, reserved 1245184K
  class space    used 20397K, committed 21120K, reserved 1048576K
}
Event: 4956.385 GC heap before
{Heap before GC invocations=73 (full 0):
 garbage-first heap   total 368640K, used 292311K [0x0000000080000000, 0x0000000100000000)
  region size 1024K, 173 young (177152K), 10 survivors (10240K)
 Metaspace       used 153916K, committed 155712K, reserved 1245184K
  class space    used 20661K, committed 21504K, reserved 1048576K
}
Event: 4956.393 GC heap after
{Heap after GC invocations=74 (full 0):
 garbage-first heap   total 368640K, used 120176K [0x0000000080000000, 0x0000000100000000)
  region size 1024K, 15 young (15360K), 15 survivors (15360K)
 Metaspace       used 153916K, committed 155712K, reserved 1245184K
  class space    used 20661K, committed 21504K, reserved 1048576K
}
Event: 4956.411 GC heap before
{Heap before GC invocations=74 (full 0):
 garbage-first heap   total 368640K, used 123248K [0x0000000080000000, 0x0000000100000000)
  region size 1024K, 18 young (18432K), 15 survivors (15360K)
 Metaspace       used 153918K, committed 155712K, reserved 1245184K
  class space    used 20661K, committed 21504K, reserved 1048576K
}
Event: 4956.419 GC heap after
{Heap after GC invocations=75 (full 0):
 garbage-first heap   total 368640K, used 110877K [0x0000000080000000, 0x0000000100000000)
  region size 1024K, 2 young (2048K), 2 survivors (2048K)
 Metaspace       used 153918K, committed 155712K, reserved 1245184K
  class space    used 20661K, committed 21504K, reserved 1048576K
}
Event: 4956.503 GC heap before
{Heap before GC invocations=75 (full 0):
 garbage-first heap   total 368640K, used 125213K [0x0000000080000000, 0x0000000100000000)
  region size 1024K, 18 young (18432K), 2 survivors (2048K)
 Metaspace       used 154026K, committed 155776K, reserved 1245184K
  class space    used 20677K, committed 21504K, reserved 1048576K
}
Event: 4956.505 GC heap after
{Heap after GC invocations=76 (full 0):
 garbage-first heap   total 368640K, used 113365K [0x0000000080000000, 0x0000000100000000)
  region size 1024K, 4 young (4096K), 4 survivors (4096K)
 Metaspace       used 154026K, committed 155776K, reserved 1245184K
  class space    used 20677K, committed 21504K, reserved 1048576K
}
Event: 5004.982 GC heap before
{Heap before GC invocations=77 (full 0):
 garbage-first heap   total 368640K, used 298615K [0x0000000080000000, 0x0000000100000000)
  region size 1024K, 171 young (175104K), 4 survivors (4096K)
 Metaspace       used 154504K, committed 156224K, reserved 1245184K
  class space    used 20697K, committed 21504K, reserved 1048576K
}
Event: 5004.991 GC heap after
{Heap after GC invocations=78 (full 0):
 garbage-first heap   total 368640K, used 133982K [0x0000000080000000, 0x0000000100000000)
  region size 1024K, 20 young (20480K), 20 survivors (20480K)
 Metaspace       used 154504K, committed 156224K, reserved 1245184K
  class space    used 20697K, committed 21504K, reserved 1048576K
}
Event: 5004.998 GC heap before
{Heap before GC invocations=78 (full 0):
 garbage-first heap   total 368640K, used 135006K [0x0000000080000000, 0x0000000100000000)
  region size 1024K, 21 young (21504K), 20 survivors (20480K)
 Metaspace       used 154509K, committed 156224K, reserved 1245184K
  class space    used 20697K, committed 21504K, reserved 1048576K
}
Event: 5005.006 GC heap after
{Heap after GC invocations=79 (full 0):
 garbage-first heap   total 368640K, used 125163K [0x0000000080000000, 0x0000000100000000)
  region size 1024K, 3 young (3072K), 3 survivors (3072K)
 Metaspace       used 154509K, committed 156224K, reserved 1245184K
  class space    used 20697K, committed 21504K, reserved 1048576K
}
Event: 5005.156 GC heap before
{Heap before GC invocations=79 (full 0):
 garbage-first heap   total 368640K, used 152811K [0x0000000080000000, 0x0000000100000000)
  region size 1024K, 32 young (32768K), 3 survivors (3072K)
 Metaspace       used 154806K, committed 156608K, reserved 1245184K
  class space    used 20698K, committed 21568K, reserved 1048576K
}
Event: 5005.159 GC heap after
{Heap after GC invocations=80 (full 0):
 garbage-first heap   total 368640K, used 125059K [0x0000000080000000, 0x0000000100000000)
  region size 1024K, 3 young (3072K), 3 survivors (3072K)
 Metaspace       used 154806K, committed 156608K, reserved 1245184K
  class space    used 20698K, committed 21568K, reserved 1048576K
}
Event: 5036.390 GC heap before
{Heap before GC invocations=81 (full 0):
 garbage-first heap   total 368640K, used 309379K [0x0000000080000000, 0x0000000100000000)
  region size 1024K, 160 young (163840K), 3 survivors (3072K)
 Metaspace       used 155068K, committed 156864K, reserved 1245184K
  class space    used 20698K, committed 21568K, reserved 1048576K
}
Event: 5036.393 GC heap after
{Heap after GC invocations=82 (full 0):
 garbage-first heap   total 368640K, used 129586K [0x0000000080000000, 0x0000000100000000)
  region size 1024K, 5 young (5120K), 5 survivors (5120K)
 Metaspace       used 155068K, committed 156864K, reserved 1245184K
  class space    used 20698K, committed 21568K, reserved 1048576K
}
Event: 5036.456 GC heap before
{Heap before GC invocations=82 (full 0):
 garbage-first heap   total 368640K, used 141874K [0x0000000080000000, 0x0000000100000000)
  region size 1024K, 18 young (18432K), 5 survivors (5120K)
 Metaspace       used 155091K, committed 156864K, reserved 1245184K
  class space    used 20698K, committed 21568K, reserved 1048576K
}
Event: 5036.465 GC heap after
{Heap after GC invocations=83 (full 0):
 garbage-first heap   total 368640K, used 117299K [0x0000000080000000, 0x0000000100000000)
  region size 1024K, 3 young (3072K), 3 survivors (3072K)
 Metaspace       used 155091K, committed 156864K, reserved 1245184K
  class space    used 20698K, committed 21568K, reserved 1048576K
}
Event: 5036.597 GC heap before
{Heap before GC invocations=83 (full 0):
 garbage-first heap   total 368640K, used 151091K [0x0000000080000000, 0x0000000100000000)
  region size 1024K, 38 young (38912K), 3 survivors (3072K)
 Metaspace       used 155136K, committed 156928K, reserved 1245184K
  class space    used 20698K, committed 21568K, reserved 1048576K
}

